Log file open, 08/11/19 13:48:00
LogWindows: Failed to load 'aqProf.dll' (GetLastError=126)
LogWindows: File 'aqProf.dll' does not exist
LogWindows: Failed to load 'VtuneApi.dll' (GetLastError=126)
LogWindows: File 'VtuneApi.dll' does not exist
LogWindows: Failed to load 'VtuneApi32e.dll' (GetLastError=126)
LogWindows: File 'VtuneApi32e.dll' does not exist
LogConsoleResponse: Display: Failed to find resolution value strings in scalability ini. Falling back to default.
LogInit: Display: Running engine for game: COD
LogPakFile: Registered encryption key '00000000000000000000000000000000': 0 pak files mounted, 0 remain pending
LogPlatformFile: Not using cached read wrapper
LogTaskGraph: Started task graph with 5 named threads and 23 total threads with 3 sets of task threads.
LogStats: Stats thread started at 0.277928
LogD3D11RHI: Loaded GFSDK_Aftermath_Lib.x64.dll
LogWindows: Failed to load '../../../Engine/Binaries/ThirdParty/libsndfile/Win64/libsndfile-1.dll' (GetLastError=126)
LogWindows: File '../../../Engine/Binaries/ThirdParty/libsndfile/Win64/libsndfile-1.dll' does not exist
LogAudioMixer: Display: Failed to load Sound File dll
LogAudioEditor: Display: LibSoundFile failed to load. Importing audio will not work correctly.
LogICUInternationalization: ICU TimeZone Detection - Raw Offset: +1:00, Platform Override: ''
LogPluginManager: Mounting plugin Paper2D
LogPluginManager: Mounting plugin AISupport
LogPluginManager: Mounting plugin LightPropagationVolume
LogPluginManager: Mounting plugin ActorLayerUtilities
LogPluginManager: Mounting plugin AnimationSharing
LogPluginManager: Mounting plugin CLionSourceCodeAccess
LogPluginManager: Mounting plugin CodeLiteSourceCodeAccess
LogPluginManager: Mounting plugin GitSourceControl
LogPluginManager: Mounting plugin KDevelopSourceCodeAccess
LogPluginManager: Mounting plugin NullSourceCodeAccess
LogPluginManager: Mounting plugin PerforceSourceControl
LogPluginManager: Mounting plugin SubversionSourceControl
LogPluginManager: Mounting plugin UObjectPlugin
LogPluginManager: Mounting plugin VisualStudioCodeSourceCodeAccess
LogPluginManager: Mounting plugin VisualStudioSourceCodeAccess
LogPluginManager: Mounting plugin XCodeSourceCodeAccess
LogPluginManager: Mounting plugin AssetManagerEditor
LogPluginManager: Mounting plugin CryptoKeys
LogPluginManager: Mounting plugin DataValidation
LogPluginManager: Mounting plugin FacialAnimation
LogPluginManager: Mounting plugin GameplayTagsEditor
LogPluginManager: Mounting plugin MacGraphicsSwitching
LogPluginManager: Mounting plugin MaterialAnalyzer
LogPluginManager: Mounting plugin MobileLauncherProfileWizard
LogPluginManager: Mounting plugin PluginBrowser
LogPluginManager: Mounting plugin SpeedTreeImporter
LogPluginManager: Mounting plugin DatasmithContent
LogPluginManager: Mounting plugin VariantManagerContent
LogPluginManager: Mounting plugin AlembicImporter
LogPluginManager: Mounting plugin AppleImageUtils
LogPluginManager: Mounting plugin AppleVision
LogPluginManager: Mounting plugin BackChannel
LogPluginManager: Mounting plugin CharacterAI
LogPluginManager: Mounting plugin GeometryCache
LogPluginManager: Mounting plugin HTML5Networking
LogPluginManager: Mounting plugin ProxyLODPlugin
LogPluginManager: Mounting plugin SkeletalReduction
LogPluginManager: Mounting plugin MagicLeap
LogPluginManager: Mounting plugin MagicLeapMedia
LogPluginManager: Mounting plugin AndroidMedia
LogPluginManager: Mounting plugin AvfMedia
LogPluginManager: Mounting plugin ImgMedia
LogPluginManager: Mounting plugin LinearTimecode
LogPluginManager: Mounting plugin MediaCompositing
LogPluginManager: Mounting plugin MediaPlayerEditor
LogPluginManager: Mounting plugin WebMMedia
LogPluginManager: Mounting plugin WmfMedia
LogPluginManager: Mounting plugin TcpMessaging
LogPluginManager: Mounting plugin UdpMessaging
LogPluginManager: Mounting plugin ActorSequence
LogPluginManager: Mounting plugin LevelSequenceEditor
LogPluginManager: Mounting plugin MatineeToLevelSequence
LogPluginManager: Mounting plugin NetcodeUnitTest
LogPluginManager: Mounting plugin NUTUnrealEngine4
LogPluginManager: Mounting plugin OnlineSubsystemGooglePlay
LogPluginManager: Mounting plugin OnlineSubsystemIOS
LogPluginManager: Mounting plugin OnlineSubsystem
LogPluginManager: Mounting plugin OnlineSubsystemNull
LogPluginManager: Mounting plugin OnlineSubsystemUtils
LogPluginManager: Mounting plugin LauncherChunkInstaller
LogPluginManager: Mounting plugin AndroidDeviceProfileSelector
LogPluginManager: Mounting plugin AndroidMoviePlayer
LogPluginManager: Mounting plugin AndroidPermission
LogPluginManager: Mounting plugin AppleMoviePlayer
LogPluginManager: Mounting plugin ArchVisCharacter
LogPluginManager: Mounting plugin AudioCapture
LogPluginManager: Mounting plugin CableComponent
LogPluginManager: Mounting plugin CustomMeshComponent
LogPluginManager: Mounting plugin EditableMesh
LogPluginManager: Mounting plugin ExampleDeviceProfileSelector
LogPluginManager: Mounting plugin Firebase
LogPluginManager: Mounting plugin GoogleCloudMessaging
LogPluginManager: Mounting plugin IOSDeviceProfileSelector
LogPluginManager: Mounting plugin LinuxDeviceProfileSelector
LogPluginManager: Mounting plugin LocationServicesBPLibrary
LogPluginManager: Mounting plugin MobilePatchingUtils
LogPluginManager: Mounting plugin OculusVR
LogPluginManager: Mounting plugin PhysXVehicles
LogPluginManager: Mounting plugin ProceduralMeshComponent
LogPluginManager: Mounting plugin RuntimePhysXCooking
LogPluginManager: Mounting plugin SignificanceManager
LogPluginManager: Mounting plugin SteamVR
LogPluginManager: Mounting plugin WebMMoviePlayer
LogPluginManager: Mounting plugin WindowsMoviePlayer
LogInit: Using libcurl 7.55.1-DEV
LogInit:  - built for x86_64-pc-win32
LogInit:  - supports SSL with OpenSSL/1.1.1
LogInit:  - supports HTTP deflate (compression) using libz 1.2.8
LogInit:  - other features:
LogInit:      CURL_VERSION_SSL
LogInit:      CURL_VERSION_LIBZ
LogInit:      CURL_VERSION_IPV6
LogInit:      CURL_VERSION_ASYNCHDNS
LogInit:      CURL_VERSION_LARGEFILE
LogInit:      CURL_VERSION_IDN
LogInit:  CurlRequestOptions (configurable via config and command line):
LogInit:  - bVerifyPeer = true  - Libcurl will verify peer certificate
LogInit:  - bUseHttpProxy = false  - Libcurl will NOT use HTTP proxy
LogInit:  - bDontReuseConnections = false  - Libcurl will reuse connections
LogInit:  - MaxHostConnections = 16  - Libcurl will limit the number of connections to a host
LogInit:  - LocalHostAddr = Default
LogInit:  - BufferSize = 65536
LogInit: WinSock: version 1.1 (2.2), MaxSocks=32767, MaxUdp=65467
LogInit: Build: ++UE4+Release-4.22-CL-5660361
LogInit: Engine Version: 4.22.0-5660361+++UE4+Release-4.22
LogInit: Compatible Engine Version: 4.22.0-5660361+++UE4+Release-4.22
LogInit: Net CL: 5660361
LogInit: OS: Windows 10 (Release 1903) (), CPU: Intel(R) Core(TM) i7-4790 CPU @ 3.60GHz, GPU: NVIDIA GeForce GTX 970
LogInit: Compiled (64-bit): Mar 31 2019 02:05:09
LogInit: Compiled with Visual C++: 19.16.27025.01
LogInit: Build Configuration: Development
LogInit: Branch Name: ++UE4+Release-4.22
LogInit: Command Line: 
LogInit: Base Directory: E:/x64/UNREAL/UE_4.22/Engine/Binaries/Win64/
LogInit: Installed Engine Build: 1
LogDevObjectVersion: Number of dev versions registered: 23
LogDevObjectVersion:   Dev-Blueprints (B0D832E4-1F89-4F0D-ACCF-7EB736FD4AA2): 10
LogDevObjectVersion:   Dev-Build (E1C64328-A22C-4D53-A36C-8E866417BD8C): 0
LogDevObjectVersion:   Dev-Core (375EC13C-06E4-48FB-B500-84F0262A717E): 3
LogDevObjectVersion:   Dev-Editor (E4B068ED-F494-42E9-A231-DA0B2E46BB41): 30
LogDevObjectVersion:   Dev-Framework (CFFC743F-43B0-4480-9391-14DF171D2073): 35
LogDevObjectVersion:   Dev-Mobile (B02B49B5-BB20-44E9-A304-32B752E40360): 2
LogDevObjectVersion:   Dev-Networking (A4E4105C-59A1-49B5-A7C5-40C4547EDFEE): 0
LogDevObjectVersion:   Dev-Online (39C831C9-5AE6-47DC-9A44-9C173E1C8E7C): 0
LogDevObjectVersion:   Dev-Physics (78F01B33-EBEA-4F98-B9B4-84EACCB95AA2): 0
LogDevObjectVersion:   Dev-Platform (6631380F-2D4D-43E0-8009-CF276956A95A): 0
LogDevObjectVersion:   Dev-Rendering (12F88B9F-8875-4AFC-A67C-D90C383ABD29): 28
LogDevObjectVersion:   Dev-Sequencer (7B5AE74C-D270-4C10-A958-57980B212A5A): 11
LogDevObjectVersion:   Dev-VR (D7296918-1DD6-4BDD-9DE2-64A83CC13884): 2
LogDevObjectVersion:   Dev-LoadTimes (C2A15278-BFE7-4AFE-6C17-90FF531DF755): 1
LogDevObjectVersion:   Private-Geometry (6EACA3D4-40EC-4CC1-B786-8BED09428FC5): 3
LogDevObjectVersion:   Dev-AnimPhys (29E575DD-E0A3-4627-9D10-D276232CDCEA): 17
LogDevObjectVersion:   Dev-Anim (AF43A65D-7FD3-4947-9873-3E8ED9C1BB05): 2
LogDevObjectVersion:   Dev-ReflectionCapture (6B266CEC-1EC7-4B8F-A30B-E4D90942FC07): 1
LogDevObjectVersion:   Dev-Automation (0DF73D61-A23F-47EA-B727-89E90C41499A): 1
LogDevObjectVersion:   FortniteMain (601D1886-AC64-4F84-AA16-D3DE0DEAC7D6): 25
LogDevObjectVersion:   Dev-Enterprise (9DFFBCD6-494F-0158-E221-12823C92A888): 6
LogDevObjectVersion:   Dev-Niagara (F2AED0AC-9AFE-416F-8664-AA7FFA26D6FC): 1
LogDevObjectVersion:   Dev-Destruction (174F1F0B-B4C6-45A5-B13F-2EE8D0FB917D): 2
LogInit: Presizing for max 16777216 objects, including 0 objects not considered by GC, pre-allocating 0 bytes for permanent pool.
LogInit: Object subsystem initialized
LogConfig: Setting CVar [[con.DebugEarlyDefault:1]]
LogConfig: Setting CVar [[r.setres:1280x720]]
[2019.08.11-11.48.00:460][  0]LogConfig: Setting CVar [[r.VSync:0]]
[2019.08.11-11.48.00:460][  0]LogConfig: Setting CVar [[r.RHICmdBypass:0]]
[2019.08.11-11.48.00:460][  0]LogConfig: Applying CVar settings from Section [/Script/Engine.RendererSettings] File [E:/Luis/UnrealProjects/COD/COD/Saved/Config/Windows/Engine.ini]
[2019.08.11-11.48.00:460][  0]LogConfig: Setting CVar [[r.GPUCrashDebugging:0]]
[2019.08.11-11.48.00:460][  0]LogConfig: Applying CVar settings from Section [/Script/Engine.RendererOverrideSettings] File [E:/Luis/UnrealProjects/COD/COD/Saved/Config/Windows/Engine.ini]
[2019.08.11-11.48.00:460][  0]LogConfig: Applying CVar settings from Section [/Script/Engine.StreamingSettings] File [E:/Luis/UnrealProjects/COD/COD/Saved/Config/Windows/Engine.ini]
[2019.08.11-11.48.00:460][  0]LogConfig: Setting CVar [[s.MinBulkDataSizeForAsyncLoading:131072]]
[2019.08.11-11.48.00:460][  0]LogConfig: Setting CVar [[s.AsyncLoadingThreadEnabled:0]]
[2019.08.11-11.48.00:460][  0]LogConfig: Setting CVar [[s.EventDrivenLoaderEnabled:1]]
[2019.08.11-11.48.00:460][  0]LogConfig: Setting CVar [[s.WarnIfTimeLimitExceeded:0]]
[2019.08.11-11.48.00:460][  0]LogConfig: Setting CVar [[s.TimeLimitExceededMultiplier:1.5]]
[2019.08.11-11.48.00:460][  0]LogConfig: Setting CVar [[s.TimeLimitExceededMinTime:0.005]]
[2019.08.11-11.48.00:460][  0]LogConfig: Setting CVar [[s.UseBackgroundLevelStreaming:1]]
[2019.08.11-11.48.00:460][  0]LogConfig: Setting CVar [[s.PriorityAsyncLoadingExtraTime:15.0]]
[2019.08.11-11.48.00:460][  0]LogConfig: Setting CVar [[s.LevelStreamingActorsUpdateTimeLimit:5.0]]
[2019.08.11-11.48.00:460][  0]LogConfig: Setting CVar [[s.PriorityLevelStreamingActorsUpdateExtraTime:5.0]]
[2019.08.11-11.48.00:460][  0]LogConfig: Setting CVar [[s.LevelStreamingComponentsRegistrationGranularity:10]]
[2019.08.11-11.48.00:460][  0]LogConfig: Setting CVar [[s.UnregisterComponentsTimeLimit:1.0]]
[2019.08.11-11.48.00:460][  0]LogConfig: Setting CVar [[s.LevelStreamingComponentsUnregistrationGranularity:5]]
[2019.08.11-11.48.00:461][  0]LogConfig: Applying CVar settings from Section [/Script/Engine.GarbageCollectionSettings] File [E:/Luis/UnrealProjects/COD/COD/Saved/Config/Windows/Engine.ini]
[2019.08.11-11.48.00:461][  0]LogConfig: Setting CVar [[gc.MaxObjectsNotConsideredByGC:1]]
[2019.08.11-11.48.00:461][  0]LogConfig: Setting CVar [[gc.SizeOfPermanentObjectPool:0]]
[2019.08.11-11.48.00:461][  0]LogConfig: Setting CVar [[gc.FlushStreamingOnGC:0]]
[2019.08.11-11.48.00:461][  0]LogConfig: Setting CVar [[gc.NumRetriesBeforeForcingGC:10]]
[2019.08.11-11.48.00:461][  0]LogConfig: Setting CVar [[gc.AllowParallelGC:1]]
[2019.08.11-11.48.00:461][  0]LogConfig: Setting CVar [[gc.TimeBetweenPurgingPendingKillObjects:61.1]]
[2019.08.11-11.48.00:461][  0]LogConfig: Setting CVar [[gc.MaxObjectsInEditor:16777216]]
[2019.08.11-11.48.00:461][  0]LogConfig: Setting CVar [[gc.IncrementalBeginDestroyEnabled:1]]
[2019.08.11-11.48.00:461][  0]LogConfig: Setting CVar [[gc.CreateGCClusters:1]]
[2019.08.11-11.48.00:461][  0]LogConfig: Setting CVar [[gc.MinGCClusterSize:5]]
[2019.08.11-11.48.00:461][  0]LogConfig: Setting CVar [[gc.ActorClusteringEnabled:0]]
[2019.08.11-11.48.00:461][  0]LogConfig: Setting CVar [[gc.BlueprintClusteringEnabled:0]]
[2019.08.11-11.48.00:461][  0]LogConfig: Setting CVar [[gc.UseDisregardForGCOnDedicatedServers:0]]
[2019.08.11-11.48.00:461][  0]LogConfig: Applying CVar settings from Section [/Script/Engine.NetworkSettings] File [E:/Luis/UnrealProjects/COD/COD/Saved/Config/Windows/Engine.ini]
[2019.08.11-11.48.00:461][  0]LogConfig: Applying CVar settings from Section [/Script/UnrealEd.CookerSettings] File [E:/Luis/UnrealProjects/COD/COD/Saved/Config/Windows/Engine.ini]
[2019.08.11-11.48.00:466][  0]LogConfig: Applying CVar settings from Section [ViewDistanceQuality@3] File [E:/Luis/UnrealProjects/COD/COD/Saved/Config/Windows/Scalability.ini]
[2019.08.11-11.48.00:466][  0]LogConfig: Setting CVar [[r.SkeletalMeshLODBias:0]]
[2019.08.11-11.48.00:466][  0]LogConfig: Setting CVar [[r.ViewDistanceScale:1.0]]
[2019.08.11-11.48.00:466][  0]LogConfig: Applying CVar settings from Section [AntiAliasingQuality@3] File [E:/Luis/UnrealProjects/COD/COD/Saved/Config/Windows/Scalability.ini]
[2019.08.11-11.48.00:466][  0]LogConfig: Setting CVar [[r.PostProcessAAQuality:4]]
[2019.08.11-11.48.00:466][  0]LogConfig: Applying CVar settings from Section [ShadowQuality@3] File [E:/Luis/UnrealProjects/COD/COD/Saved/Config/Windows/Scalability.ini]
[2019.08.11-11.48.00:466][  0]LogConfig: Setting CVar [[r.LightFunctionQuality:1]]
[2019.08.11-11.48.00:466][  0]LogConfig: Setting CVar [[r.ShadowQuality:5]]
[2019.08.11-11.48.00:466][  0]LogConfig: Setting CVar [[r.Shadow.CSM.MaxCascades:10]]
[2019.08.11-11.48.00:466][  0]LogConfig: Setting CVar [[r.Shadow.MaxResolution:2048]]
[2019.08.11-11.48.00:466][  0]LogConfig: Setting CVar [[r.Shadow.MaxCSMResolution:2048]]
[2019.08.11-11.48.00:466][  0]LogConfig: Setting CVar [[r.Shadow.RadiusThreshold:0.01]]
[2019.08.11-11.48.00:466][  0]LogConfig: Setting CVar [[r.Shadow.DistanceScale:1.0]]
[2019.08.11-11.48.00:466][  0]LogConfig: Setting CVar [[r.Shadow.CSM.TransitionScale:1.0]]
[2019.08.11-11.48.00:466][  0]LogConfig: Setting CVar [[r.Shadow.PreShadowResolutionFactor:1.0]]
[2019.08.11-11.48.00:466][  0]LogConfig: Setting CVar [[r.DistanceFieldShadowing:1]]
[2019.08.11-11.48.00:466][  0]LogConfig: Setting CVar [[r.DistanceFieldAO:1]]
[2019.08.11-11.48.00:466][  0]LogConfig: Setting CVar [[r.AOQuality:2]]
[2019.08.11-11.48.00:466][  0]LogConfig: Setting CVar [[r.VolumetricFog:1]]
[2019.08.11-11.48.00:466][  0]LogConfig: Setting CVar [[r.VolumetricFog.GridPixelSize:8]]
[2019.08.11-11.48.00:466][  0]LogConfig: Setting CVar [[r.VolumetricFog.GridSizeZ:128]]
[2019.08.11-11.48.00:466][  0]LogConfig: Setting CVar [[r.VolumetricFog.HistoryMissSupersampleCount:4]]
[2019.08.11-11.48.00:466][  0]LogConfig: Setting CVar [[r.LightMaxDrawDistanceScale:1]]
[2019.08.11-11.48.00:466][  0]LogConfig: Setting CVar [[r.CapsuleShadows:1]]
[2019.08.11-11.48.00:466][  0]LogConfig: Applying CVar settings from Section [PostProcessQuality@3] File [E:/Luis/UnrealProjects/COD/COD/Saved/Config/Windows/Scalability.ini]
[2019.08.11-11.48.00:466][  0]LogConfig: Setting CVar [[r.MotionBlurQuality:4]]
[2019.08.11-11.48.00:466][  0]LogConfig: Setting CVar [[r.AmbientOcclusionMipLevelFactor:0.4]]
[2019.08.11-11.48.00:466][  0]LogConfig: Setting CVar [[r.AmbientOcclusionMaxQuality:100]]
[2019.08.11-11.48.00:466][  0]LogConfig: Setting CVar [[r.AmbientOcclusionLevels:-1]]
[2019.08.11-11.48.00:466][  0]LogConfig: Setting CVar [[r.AmbientOcclusionRadiusScale:1.0]]
[2019.08.11-11.48.00:466][  0]LogConfig: Setting CVar [[r.DepthOfFieldQuality:2]]
[2019.08.11-11.48.00:466][  0]LogConfig: Setting CVar [[r.RenderTargetPoolMin:400]]
[2019.08.11-11.48.00:466][  0]LogConfig: Setting CVar [[r.LensFlareQuality:2]]
[2019.08.11-11.48.00:466][  0]LogConfig: Setting CVar [[r.SceneColorFringeQuality:1]]
[2019.08.11-11.48.00:466][  0]LogConfig: Setting CVar [[r.EyeAdaptationQuality:2]]
[2019.08.11-11.48.00:466][  0]LogConfig: Setting CVar [[r.BloomQuality:5]]
[2019.08.11-11.48.00:466][  0]LogConfig: Setting CVar [[r.FastBlurThreshold:100]]
[2019.08.11-11.48.00:466][  0]LogConfig: Setting CVar [[r.Upscale.Quality:3]]
[2019.08.11-11.48.00:466][  0]LogConfig: Setting CVar [[r.Tonemapper.GrainQuantization:1]]
[2019.08.11-11.48.00:466][  0]LogConfig: Setting CVar [[r.LightShaftQuality:1]]
[2019.08.11-11.48.00:466][  0]LogConfig: Setting CVar [[r.Filter.SizeScale:1]]
[2019.08.11-11.48.00:466][  0]LogConfig: Setting CVar [[r.Tonemapper.Quality:5]]
[2019.08.11-11.48.00:467][  0]LogConfig: Setting CVar [[r.DOF.Gather.AccumulatorQuality:1        ; higher gathering accumulator quality]]
[2019.08.11-11.48.00:467][  0]LogConfig: Setting CVar [[r.DOF.Gather.PostfilterMethod:1          ; Median3x3 postfilering method]]
[2019.08.11-11.48.00:467][  0]LogConfig: Setting CVar [[r.DOF.Gather.EnableBokehSettings:0       ; no bokeh simulation when gathering]]
[2019.08.11-11.48.00:467][  0]LogConfig: Setting CVar [[r.DOF.Gather.RingCount:4                 ; medium number of samples when gathering]]
[2019.08.11-11.48.00:467][  0]LogConfig: Setting CVar [[r.DOF.Scatter.ForegroundCompositing:1    ; additive foreground scattering]]
[2019.08.11-11.48.00:467][  0]LogConfig: Setting CVar [[r.DOF.Scatter.BackgroundCompositing:2    ; additive background scattering]]
[2019.08.11-11.48.00:467][  0]LogConfig: Setting CVar [[r.DOF.Scatter.EnableBokehSettings:1      ; bokeh simulation when scattering]]
[2019.08.11-11.48.00:467][  0]LogConfig: Setting CVar [[r.DOF.Scatter.MaxSpriteRatio:0.1         ; only a maximum of 10% of scattered bokeh]]
[2019.08.11-11.48.00:467][  0]LogConfig: Setting CVar [[r.DOF.Recombine.Quality:1                ; cheap slight out of focus]]
[2019.08.11-11.48.00:467][  0]LogConfig: Setting CVar [[r.DOF.Recombine.EnableBokehSettings:0    ; no bokeh simulation on slight out of focus]]
[2019.08.11-11.48.00:467][  0]LogConfig: Setting CVar [[r.DOF.TemporalAAQuality:1                ; more stable temporal accumulation]]
[2019.08.11-11.48.00:467][  0]LogConfig: Setting CVar [[r.DOF.Kernel.MaxForegroundRadius:0.025]]
[2019.08.11-11.48.00:467][  0]LogConfig: Setting CVar [[r.DOF.Kernel.MaxBackgroundRadius:0.025]]
[2019.08.11-11.48.00:467][  0]LogConfig: Applying CVar settings from Section [TextureQuality@3] File [E:/Luis/UnrealProjects/COD/COD/Saved/Config/Windows/Scalability.ini]
[2019.08.11-11.48.00:467][  0]LogConfig: Setting CVar [[r.Streaming.MipBias:0]]
[2019.08.11-11.48.00:467][  0]LogConfig: Setting CVar [[r.Streaming.AmortizeCPUToGPUCopy:0]]
[2019.08.11-11.48.00:467][  0]LogConfig: Setting CVar [[r.Streaming.MaxNumTexturesToStreamPerFrame:0]]
[2019.08.11-11.48.00:467][  0]LogConfig: Setting CVar [[r.Streaming.Boost:1]]
[2019.08.11-11.48.00:467][  0]LogConfig: Setting CVar [[r.MaxAnisotropy:8]]
[2019.08.11-11.48.00:467][  0]LogConfig: Setting CVar [[r.Streaming.LimitPoolSizeToVRAM:0]]
[2019.08.11-11.48.00:467][  0]LogConfig: Setting CVar [[r.Streaming.PoolSize:1000]]
[2019.08.11-11.48.00:467][  0]LogConfig: Setting CVar [[r.Streaming.MaxEffectiveScreenSize:0]]
[2019.08.11-11.48.00:467][  0]LogConfig: Applying CVar settings from Section [EffectsQuality@3] File [E:/Luis/UnrealProjects/COD/COD/Saved/Config/Windows/Scalability.ini]
[2019.08.11-11.48.00:467][  0]LogConfig: Setting CVar [[r.TranslucencyLightingVolumeDim:64]]
[2019.08.11-11.48.00:467][  0]LogConfig: Setting CVar [[r.RefractionQuality:2]]
[2019.08.11-11.48.00:467][  0]LogConfig: Setting CVar [[r.SSR.Quality:3]]
[2019.08.11-11.48.00:467][  0]LogConfig: Setting CVar [[r.SceneColorFormat:4]]
[2019.08.11-11.48.00:467][  0]LogConfig: Setting CVar [[r.DetailMode:2]]
[2019.08.11-11.48.00:467][  0]LogConfig: Setting CVar [[r.TranslucencyVolumeBlur:1]]
[2019.08.11-11.48.00:467][  0]LogConfig: Setting CVar [[r.MaterialQualityLevel:1 ; High quality]]
[2019.08.11-11.48.00:467][  0]LogConfig: Setting CVar [[r.SSS.Scale:1]]
[2019.08.11-11.48.00:467][  0]LogConfig: Setting CVar [[r.SSS.SampleSet:2]]
[2019.08.11-11.48.00:467][  0]LogConfig: Setting CVar [[r.SSS.Quality:1]]
[2019.08.11-11.48.00:467][  0]LogConfig: Setting CVar [[r.SSS.HalfRes:1]]
[2019.08.11-11.48.00:467][  0]LogConfig: Setting CVar [[r.EmitterSpawnRateScale:1.0]]
[2019.08.11-11.48.00:467][  0]LogConfig: Setting CVar [[r.ParticleLightQuality:2]]
[2019.08.11-11.48.00:467][  0]LogConfig: Applying CVar settings from Section [FoliageQuality@3] File [E:/Luis/UnrealProjects/COD/COD/Saved/Config/Windows/Scalability.ini]
[2019.08.11-11.48.00:467][  0]LogConfig: Setting CVar [[foliage.DensityScale:1.0]]
[2019.08.11-11.48.00:467][  0]LogConfig: Setting CVar [[grass.DensityScale:1.0]]
[2019.08.11-11.48.00:467][  0]LogInit: Selected Device Profile: [Windows]
[2019.08.11-11.48.00:467][  0]LogInit: Applying CVar settings loaded from the selected device profile: [Windows]
[2019.08.11-11.48.00:480][  0]LogHAL: Display: Platform has ~ 16 GB [17111658496 / 17179869184 / 16], which maps to Larger [LargestMinGB=32, LargerMinGB=12, DefaultMinGB=8, SmallerMinGB=6, SmallestMinGB=0)
[2019.08.11-11.48.00:480][  0]LogConfig: Setting CVar [[r.Vulkan.UseRealUBs:0		; Required until we fix HLR fall-out]]
[2019.08.11-11.48.00:480][  0]LogInit: Going up to parent DeviceProfile []
[2019.08.11-11.48.00:481][  0]LogConfig: Applying CVar settings from Section [ViewDistanceQuality@3] File [E:/Luis/UnrealProjects/COD/COD/Saved/Config/Windows/Scalability.ini]
[2019.08.11-11.48.00:481][  0]LogConfig: Setting CVar [[r.SkeletalMeshLODBias:0]]
[2019.08.11-11.48.00:481][  0]LogConfig: Setting CVar [[r.ViewDistanceScale:1.0]]
[2019.08.11-11.48.00:481][  0]LogConfig: Applying CVar settings from Section [AntiAliasingQuality@3] File [E:/Luis/UnrealProjects/COD/COD/Saved/Config/Windows/Scalability.ini]
[2019.08.11-11.48.00:481][  0]LogConfig: Setting CVar [[r.PostProcessAAQuality:4]]
[2019.08.11-11.48.00:481][  0]LogConfig: Applying CVar settings from Section [ShadowQuality@3] File [E:/Luis/UnrealProjects/COD/COD/Saved/Config/Windows/Scalability.ini]
[2019.08.11-11.48.00:481][  0]LogConfig: Setting CVar [[r.LightFunctionQuality:1]]
[2019.08.11-11.48.00:481][  0]LogConfig: Setting CVar [[r.ShadowQuality:5]]
[2019.08.11-11.48.00:481][  0]LogConfig: Setting CVar [[r.Shadow.CSM.MaxCascades:10]]
[2019.08.11-11.48.00:481][  0]LogConfig: Setting CVar [[r.Shadow.MaxResolution:2048]]
[2019.08.11-11.48.00:481][  0]LogConfig: Setting CVar [[r.Shadow.MaxCSMResolution:2048]]
[2019.08.11-11.48.00:481][  0]LogConfig: Setting CVar [[r.Shadow.RadiusThreshold:0.01]]
[2019.08.11-11.48.00:481][  0]LogConfig: Setting CVar [[r.Shadow.DistanceScale:1.0]]
[2019.08.11-11.48.00:481][  0]LogConfig: Setting CVar [[r.Shadow.CSM.TransitionScale:1.0]]
[2019.08.11-11.48.00:481][  0]LogConfig: Setting CVar [[r.Shadow.PreShadowResolutionFactor:1.0]]
[2019.08.11-11.48.00:481][  0]LogConfig: Setting CVar [[r.DistanceFieldShadowing:1]]
[2019.08.11-11.48.00:481][  0]LogConfig: Setting CVar [[r.DistanceFieldAO:1]]
[2019.08.11-11.48.00:481][  0]LogConfig: Setting CVar [[r.AOQuality:2]]
[2019.08.11-11.48.00:481][  0]LogConfig: Setting CVar [[r.VolumetricFog:1]]
[2019.08.11-11.48.00:481][  0]LogConfig: Setting CVar [[r.VolumetricFog.GridPixelSize:8]]
[2019.08.11-11.48.00:481][  0]LogConfig: Setting CVar [[r.VolumetricFog.GridSizeZ:128]]
[2019.08.11-11.48.00:481][  0]LogConfig: Setting CVar [[r.VolumetricFog.HistoryMissSupersampleCount:4]]
[2019.08.11-11.48.00:481][  0]LogConfig: Setting CVar [[r.LightMaxDrawDistanceScale:1]]
[2019.08.11-11.48.00:481][  0]LogConfig: Setting CVar [[r.CapsuleShadows:1]]
[2019.08.11-11.48.00:481][  0]LogConfig: Applying CVar settings from Section [PostProcessQuality@3] File [E:/Luis/UnrealProjects/COD/COD/Saved/Config/Windows/Scalability.ini]
[2019.08.11-11.48.00:481][  0]LogConfig: Setting CVar [[r.MotionBlurQuality:4]]
[2019.08.11-11.48.00:481][  0]LogConfig: Setting CVar [[r.AmbientOcclusionMipLevelFactor:0.4]]
[2019.08.11-11.48.00:481][  0]LogConfig: Setting CVar [[r.AmbientOcclusionMaxQuality:100]]
[2019.08.11-11.48.00:481][  0]LogConfig: Setting CVar [[r.AmbientOcclusionLevels:-1]]
[2019.08.11-11.48.00:481][  0]LogConfig: Setting CVar [[r.AmbientOcclusionRadiusScale:1.0]]
[2019.08.11-11.48.00:481][  0]LogConfig: Setting CVar [[r.DepthOfFieldQuality:2]]
[2019.08.11-11.48.00:481][  0]LogConfig: Setting CVar [[r.RenderTargetPoolMin:400]]
[2019.08.11-11.48.00:481][  0]LogConfig: Setting CVar [[r.LensFlareQuality:2]]
[2019.08.11-11.48.00:481][  0]LogConfig: Setting CVar [[r.SceneColorFringeQuality:1]]
[2019.08.11-11.48.00:481][  0]LogConfig: Setting CVar [[r.EyeAdaptationQuality:2]]
[2019.08.11-11.48.00:481][  0]LogConfig: Setting CVar [[r.BloomQuality:5]]
[2019.08.11-11.48.00:481][  0]LogConfig: Setting CVar [[r.FastBlurThreshold:100]]
[2019.08.11-11.48.00:481][  0]LogConfig: Setting CVar [[r.Upscale.Quality:3]]
[2019.08.11-11.48.00:481][  0]LogConfig: Setting CVar [[r.Tonemapper.GrainQuantization:1]]
[2019.08.11-11.48.00:481][  0]LogConfig: Setting CVar [[r.LightShaftQuality:1]]
[2019.08.11-11.48.00:481][  0]LogConfig: Setting CVar [[r.Filter.SizeScale:1]]
[2019.08.11-11.48.00:481][  0]LogConfig: Setting CVar [[r.Tonemapper.Quality:5]]
[2019.08.11-11.48.00:481][  0]LogConfig: Setting CVar [[r.DOF.Gather.AccumulatorQuality:1        ; higher gathering accumulator quality]]
[2019.08.11-11.48.00:481][  0]LogConfig: Setting CVar [[r.DOF.Gather.PostfilterMethod:1          ; Median3x3 postfilering method]]
[2019.08.11-11.48.00:481][  0]LogConfig: Setting CVar [[r.DOF.Gather.EnableBokehSettings:0       ; no bokeh simulation when gathering]]
[2019.08.11-11.48.00:481][  0]LogConfig: Setting CVar [[r.DOF.Gather.RingCount:4                 ; medium number of samples when gathering]]
[2019.08.11-11.48.00:481][  0]LogConfig: Setting CVar [[r.DOF.Scatter.ForegroundCompositing:1    ; additive foreground scattering]]
[2019.08.11-11.48.00:481][  0]LogConfig: Setting CVar [[r.DOF.Scatter.BackgroundCompositing:2    ; additive background scattering]]
[2019.08.11-11.48.00:481][  0]LogConfig: Setting CVar [[r.DOF.Scatter.EnableBokehSettings:1      ; bokeh simulation when scattering]]
[2019.08.11-11.48.00:481][  0]LogConfig: Setting CVar [[r.DOF.Scatter.MaxSpriteRatio:0.1         ; only a maximum of 10% of scattered bokeh]]
[2019.08.11-11.48.00:481][  0]LogConfig: Setting CVar [[r.DOF.Recombine.Quality:1                ; cheap slight out of focus]]
[2019.08.11-11.48.00:481][  0]LogConfig: Setting CVar [[r.DOF.Recombine.EnableBokehSettings:0    ; no bokeh simulation on slight out of focus]]
[2019.08.11-11.48.00:481][  0]LogConfig: Setting CVar [[r.DOF.TemporalAAQuality:1                ; more stable temporal accumulation]]
[2019.08.11-11.48.00:481][  0]LogConfig: Setting CVar [[r.DOF.Kernel.MaxForegroundRadius:0.025]]
[2019.08.11-11.48.00:481][  0]LogConfig: Setting CVar [[r.DOF.Kernel.MaxBackgroundRadius:0.025]]
[2019.08.11-11.48.00:481][  0]LogConfig: Applying CVar settings from Section [TextureQuality@3] File [E:/Luis/UnrealProjects/COD/COD/Saved/Config/Windows/Scalability.ini]
[2019.08.11-11.48.00:481][  0]LogConfig: Setting CVar [[r.Streaming.MipBias:0]]
[2019.08.11-11.48.00:481][  0]LogConfig: Setting CVar [[r.Streaming.AmortizeCPUToGPUCopy:0]]
[2019.08.11-11.48.00:481][  0]LogConfig: Setting CVar [[r.Streaming.MaxNumTexturesToStreamPerFrame:0]]
[2019.08.11-11.48.00:481][  0]LogConfig: Setting CVar [[r.Streaming.Boost:1]]
[2019.08.11-11.48.00:481][  0]LogConfig: Setting CVar [[r.MaxAnisotropy:8]]
[2019.08.11-11.48.00:481][  0]LogConfig: Setting CVar [[r.Streaming.LimitPoolSizeToVRAM:0]]
[2019.08.11-11.48.00:481][  0]LogConfig: Setting CVar [[r.Streaming.PoolSize:1000]]
[2019.08.11-11.48.00:481][  0]LogConfig: Setting CVar [[r.Streaming.MaxEffectiveScreenSize:0]]
[2019.08.11-11.48.00:481][  0]LogConfig: Applying CVar settings from Section [EffectsQuality@3] File [E:/Luis/UnrealProjects/COD/COD/Saved/Config/Windows/Scalability.ini]
[2019.08.11-11.48.00:481][  0]LogConfig: Setting CVar [[r.TranslucencyLightingVolumeDim:64]]
[2019.08.11-11.48.00:481][  0]LogConfig: Setting CVar [[r.RefractionQuality:2]]
[2019.08.11-11.48.00:481][  0]LogConfig: Setting CVar [[r.SSR.Quality:3]]
[2019.08.11-11.48.00:481][  0]LogConfig: Setting CVar [[r.SceneColorFormat:4]]
[2019.08.11-11.48.00:481][  0]LogConfig: Setting CVar [[r.DetailMode:2]]
[2019.08.11-11.48.00:481][  0]LogConfig: Setting CVar [[r.TranslucencyVolumeBlur:1]]
[2019.08.11-11.48.00:481][  0]LogConfig: Setting CVar [[r.MaterialQualityLevel:1 ; High quality]]
[2019.08.11-11.48.00:481][  0]LogConfig: Setting CVar [[r.SSS.Scale:1]]
[2019.08.11-11.48.00:481][  0]LogConfig: Setting CVar [[r.SSS.SampleSet:2]]
[2019.08.11-11.48.00:481][  0]LogConfig: Setting CVar [[r.SSS.Quality:1]]
[2019.08.11-11.48.00:481][  0]LogConfig: Setting CVar [[r.SSS.HalfRes:1]]
[2019.08.11-11.48.00:481][  0]LogConfig: Setting CVar [[r.EmitterSpawnRateScale:1.0]]
[2019.08.11-11.48.00:481][  0]LogConfig: Setting CVar [[r.ParticleLightQuality:2]]
[2019.08.11-11.48.00:481][  0]LogConfig: Applying CVar settings from Section [FoliageQuality@3] File [E:/Luis/UnrealProjects/COD/COD/Saved/Config/Windows/Scalability.ini]
[2019.08.11-11.48.00:481][  0]LogConfig: Setting CVar [[foliage.DensityScale:1.0]]
[2019.08.11-11.48.00:481][  0]LogConfig: Setting CVar [[grass.DensityScale:1.0]]
[2019.08.11-11.48.00:481][  0]LogConfig: Applying CVar settings from Section [Startup] File [../../../Engine/Config/ConsoleVariables.ini]
[2019.08.11-11.48.00:482][  0]LogConfig: Setting CVar [[net.UseAdaptiveNetUpdateFrequency:0]]
[2019.08.11-11.48.00:482][  0]LogConfig: Setting CVar [[p.chaos.AllowCreatePhysxBodies:1]]
[2019.08.11-11.48.00:482][  0]LogConfig: Applying CVar settings from Section [ConsoleVariables] File [E:/Luis/UnrealProjects/COD/COD/Saved/Config/Windows/Engine.ini]
[2019.08.11-11.48.00:482][  0]LogInit: Computer: PCANARIO-DE-LA-
[2019.08.11-11.48.00:482][  0]LogInit: User: Usuario
[2019.08.11-11.48.00:482][  0]LogInit: CPU Page size=4096, Cores=4
[2019.08.11-11.48.00:482][  0]LogInit: High frequency timer resolution =10.000000 MHz
[2019.08.11-11.48.00:482][  0]LogMemory: Memory total: Physical=15.9GB (16GB approx)
[2019.08.11-11.48.00:482][  0]LogMemory: Platform Memory Stats for Windows
[2019.08.11-11.48.00:482][  0]LogMemory: Process Physical Memory: 97.64 MB used, 97.64 MB peak
[2019.08.11-11.48.00:482][  0]LogMemory: Process Virtual Memory: 92.67 MB used, 92.67 MB peak
[2019.08.11-11.48.00:482][  0]LogMemory: Physical Memory: 7172.13 MB used,  9146.82 MB free, 16318.95 MB total
[2019.08.11-11.48.00:482][  0]LogMemory: Virtual Memory: 4644.95 MB used,  134213080.00 MB free, 134217728.00 MB total
[2019.08.11-11.48.00:509][  0]LogInit: Using OS detected language (en-US).
[2019.08.11-11.48.00:509][  0]LogInit: Using OS detected locale (en-US).
[2019.08.11-11.48.00:511][  0]LogTextLocalizationManager: No specific localization for 'en-US' exists, so the 'en' localization will be used.
[2019.08.11-11.48.00:688][  0]LogInit: Setting process to per monitor DPI aware
[2019.08.11-11.48.00:722][  0]LogSlate: New Slate User Created.  User Index 0, Is Virtual User: 0
[2019.08.11-11.48.00:722][  0]LogSlate: Slate User Registered.  User Index 0, Is Virtual User: 0
[2019.08.11-11.48.01:012][  0]LogHMD: Failed to initialize OpenVR with code 110
[2019.08.11-11.48.01:012][  0]LogD3D11RHI: D3D11 adapters:
[2019.08.11-11.48.01:084][  0]LogD3D11RHI:    0. 'NVIDIA GeForce GTX 970' (Feature Level 11_0)
[2019.08.11-11.48.01:084][  0]LogD3D11RHI:       4043/0/8159 MB DedicatedVideo/DedicatedSystem/SharedSystem, Outputs:2, VendorId:0x10de
[2019.08.11-11.48.01:087][  0]LogD3D11RHI:    1. 'Microsoft Basic Render Driver' (Feature Level 11_0)
[2019.08.11-11.48.01:087][  0]LogD3D11RHI:       0/0/8159 MB DedicatedVideo/DedicatedSystem/SharedSystem, Outputs:0, VendorId:0x1414
[2019.08.11-11.48.01:087][  0]LogD3D11RHI: Chosen D3D11 Adapter: 0
[2019.08.11-11.48.01:094][  0]LogD3D11RHI: Creating new Direct3DDevice
[2019.08.11-11.48.01:094][  0]LogD3D11RHI:     GPU DeviceId: 0x13c2 (for the marketing name, search the web for "GPU Device Id")
[2019.08.11-11.48.01:094][  0]LogWindows: EnumDisplayDevices:
[2019.08.11-11.48.01:094][  0]LogWindows:    0. 'NVIDIA GeForce GTX 970' (P:1 D:1)
[2019.08.11-11.48.01:095][  0]LogWindows:    1. 'NVIDIA GeForce GTX 970' (P:0 D:1)
[2019.08.11-11.48.01:095][  0]LogWindows:    2. 'NVIDIA GeForce GTX 970' (P:0 D:0)
[2019.08.11-11.48.01:096][  0]LogWindows:    3. 'NVIDIA GeForce GTX 970' (P:0 D:0)
[2019.08.11-11.48.01:096][  0]LogWindows: DebugString: FoundDriverCount:4 
[2019.08.11-11.48.01:096][  0]LogD3D11RHI:     Adapter Name: NVIDIA GeForce GTX 970
[2019.08.11-11.48.01:096][  0]LogD3D11RHI:   Driver Version: 430.86 (internal:26.21.14.3086, unified:430.86)
[2019.08.11-11.48.01:096][  0]LogD3D11RHI:      Driver Date: 5-22-2019
[2019.08.11-11.48.01:096][  0]LogRHI: Texture pool is 2830 MB (70% of 4043 MB)
[2019.08.11-11.48.01:144][  0]LogD3D11RHI: Async texture creation enabled
[2019.08.11-11.48.01:152][  0]LogRendererCore: FGlobalReadBuffer::InitRHI
[2019.08.11-11.48.01:152][  0]LogRendererCore: FGlobalReadBuffer::InitRHI
[2019.08.11-11.48.01:152][  0]LogRendererCore: FGlobalReadBuffer::InitRHI
[2019.08.11-11.48.01:161][  0]LogD3D11RHI: GPU Timing Frequency: 1000.000000 (Debug: 2 1)
[2019.08.11-11.48.01:534][  0]LogTemp: Display: Module 'AllDesktopTargetPlatform' loaded TargetPlatform 'AllDesktop'
[2019.08.11-11.48.01:554][  0]LogTemp: Display: Module 'MacClientTargetPlatform' loaded TargetPlatform 'MacClient'
[2019.08.11-11.48.01:571][  0]LogTemp: Display: Module 'MacNoEditorTargetPlatform' loaded TargetPlatform 'MacNoEditor'
[2019.08.11-11.48.01:589][  0]LogTemp: Display: Module 'MacServerTargetPlatform' loaded TargetPlatform 'MacServer'
[2019.08.11-11.48.01:604][  0]LogTemp: Display: Module 'MacTargetPlatform' loaded TargetPlatform 'Mac'
[2019.08.11-11.48.01:617][  0]LogTemp: Display: Module 'WindowsClientTargetPlatform' loaded TargetPlatform 'WindowsClient'
[2019.08.11-11.48.01:632][  0]LogTemp: Display: Module 'WindowsNoEditorTargetPlatform' loaded TargetPlatform 'WindowsNoEditor'
[2019.08.11-11.48.01:646][  0]LogTemp: Display: Module 'WindowsServerTargetPlatform' loaded TargetPlatform 'WindowsServer'
[2019.08.11-11.48.01:652][  0]LogTemp: Display: Module 'WindowsTargetPlatform' loaded TargetPlatform 'Windows'
[2019.08.11-11.48.01:731][  0]LogTemp: Display: Module 'AndroidTargetPlatform' loaded TargetPlatform 'Android'
[2019.08.11-11.48.01:731][  0]LogTemp: Display: Module 'AndroidTargetPlatform' loaded TargetPlatform 'Android_ASTC'
[2019.08.11-11.48.01:731][  0]LogTemp: Display: Module 'AndroidTargetPlatform' loaded TargetPlatform 'Android_ATC'
[2019.08.11-11.48.01:731][  0]LogTemp: Display: Module 'AndroidTargetPlatform' loaded TargetPlatform 'Android_DXT'
[2019.08.11-11.48.01:731][  0]LogTemp: Display: Module 'AndroidTargetPlatform' loaded TargetPlatform 'Android_ETC1'
[2019.08.11-11.48.01:731][  0]LogTemp: Display: Module 'AndroidTargetPlatform' loaded TargetPlatform 'Android_ETC1a'
[2019.08.11-11.48.01:731][  0]LogTemp: Display: Module 'AndroidTargetPlatform' loaded TargetPlatform 'Android_ETC2'
[2019.08.11-11.48.01:731][  0]LogTemp: Display: Module 'AndroidTargetPlatform' loaded TargetPlatform 'Android_PVRTC'
[2019.08.11-11.48.01:731][  0]LogTemp: Display: Module 'AndroidTargetPlatform' loaded TargetPlatform 'AndroidClient'
[2019.08.11-11.48.01:731][  0]LogTemp: Display: Module 'AndroidTargetPlatform' loaded TargetPlatform 'Android_ASTCClient'
[2019.08.11-11.48.01:731][  0]LogTemp: Display: Module 'AndroidTargetPlatform' loaded TargetPlatform 'Android_ATCClient'
[2019.08.11-11.48.01:731][  0]LogTemp: Display: Module 'AndroidTargetPlatform' loaded TargetPlatform 'Android_DXTClient'
[2019.08.11-11.48.01:731][  0]LogTemp: Display: Module 'AndroidTargetPlatform' loaded TargetPlatform 'Android_ETC1Client'
[2019.08.11-11.48.01:731][  0]LogTemp: Display: Module 'AndroidTargetPlatform' loaded TargetPlatform 'Android_ETC1aClient'
[2019.08.11-11.48.01:731][  0]LogTemp: Display: Module 'AndroidTargetPlatform' loaded TargetPlatform 'Android_ETC2Client'
[2019.08.11-11.48.01:731][  0]LogTemp: Display: Module 'AndroidTargetPlatform' loaded TargetPlatform 'Android_PVRTCClient'
[2019.08.11-11.48.01:731][  0]LogTemp: Display: Module 'AndroidTargetPlatform' loaded TargetPlatform 'Android_Multi'
[2019.08.11-11.48.01:731][  0]LogTemp: Display: Module 'AndroidTargetPlatform' loaded TargetPlatform 'Android_MultiClient'
[2019.08.11-11.48.01:733][  0]LogTemp: Display: Module 'HTML5TargetPlatform' loaded TargetPlatform 'HTML5'
[2019.08.11-11.48.01:784][  0]LogTemp: Display: Module 'IOSTargetPlatform' loaded TargetPlatform 'IOSClient'
[2019.08.11-11.48.01:784][  0]LogTemp: Display: Module 'IOSTargetPlatform' loaded TargetPlatform 'IOS'
[2019.08.11-11.48.01:808][  0]LogTemp: Display: Module 'TVOSTargetPlatform' loaded TargetPlatform 'TVOSClient'
[2019.08.11-11.48.01:808][  0]LogTemp: Display: Module 'TVOSTargetPlatform' loaded TargetPlatform 'TVOS'
[2019.08.11-11.48.01:821][  0]LogTemp: Display: Module 'LinuxClientTargetPlatform' loaded TargetPlatform 'LinuxClient'
[2019.08.11-11.48.01:834][  0]LogTemp: Display: Module 'LinuxNoEditorTargetPlatform' loaded TargetPlatform 'LinuxNoEditor'
[2019.08.11-11.48.01:846][  0]LogTemp: Display: Module 'LinuxServerTargetPlatform' loaded TargetPlatform 'LinuxServer'
[2019.08.11-11.48.01:860][  0]LogTemp: Display: Module 'LinuxTargetPlatform' loaded TargetPlatform 'Linux'
[2019.08.11-11.48.01:906][  0]LogTemp: Display: Module 'LuminTargetPlatform' loaded TargetPlatform 'Lumin'
[2019.08.11-11.48.01:906][  0]LogTemp: Display: Module 'LuminTargetPlatform' loaded TargetPlatform 'LuminClient'
[2019.08.11-11.48.01:906][  0]LogTargetPlatformManager: Display: Building Assets For Windows
[2019.08.11-11.48.01:914][  0]LogAudioDebug: Display: Lib vorbis DLL was dynamically loaded.
[2019.08.11-11.48.01:960][  0]LogShaderCompilers: Guid format shader working directory is 2 characters bigger than the processId version (../../../../../../Luis/UnrealProjects/COD/COD/Intermediate/Shaders/WorkingDirectory/10412/).
[2019.08.11-11.48.01:960][  0]LogShaderCompilers: Cleaned the shader compiler working directory 'C:/Users/Usuario/AppData/Local/Temp/UnrealShaderWorkingDir/51EE2A754F826B4E40A5839D1F0C87F9/'.
[2019.08.11-11.48.01:962][  0]LogXGEController: Cannot use XGE Controller as Incredibuild is not installed on this machine.
[2019.08.11-11.48.01:963][  0]LogShaderCompilers: Cannot use XGE Shader Compiler as Incredibuild is not installed on this machine.
[2019.08.11-11.48.01:963][  0]LogShaderCompilers: Display: Using Local Shader Compiler.
[2019.08.11-11.48.02:572][  0]LogDerivedDataCache: Display: Max Cache Size: 512 MB
[2019.08.11-11.48.02:619][  0]LogDerivedDataCache: Loaded boot cache 0.05s 71MB C:/Users/Usuario/AppData/Local/UnrealEngine/4.22/DerivedDataCache/Boot.ddc.
[2019.08.11-11.48.02:619][  0]LogDerivedDataCache: Display: Loaded Boot cache: C:/Users/Usuario/AppData/Local/UnrealEngine/4.22/DerivedDataCache/Boot.ddc
[2019.08.11-11.48.02:619][  0]LogDerivedDataCache: FDerivedDataBackendGraph:  Pak pak cache file ../../../../../../Luis/UnrealProjects/COD/COD/DerivedDataCache/DDC.ddp not found, will not use a pak cache.
[2019.08.11-11.48.02:619][  0]LogDerivedDataCache: Unable to find inner node Pak for hierarchical cache Hierarchy.
[2019.08.11-11.48.02:619][  0]LogDerivedDataCache: FDerivedDataBackendGraph:  CompressedPak pak cache file ../../../../../../Luis/UnrealProjects/COD/COD/DerivedDataCache/Compressed.ddp not found, will not use a pak cache.
[2019.08.11-11.48.02:619][  0]LogDerivedDataCache: Unable to find inner node CompressedPak for hierarchical cache Hierarchy.
[2019.08.11-11.48.02:631][  0]LogDerivedDataCache: Display: Pak cache opened for reading ../../../Engine/DerivedDataCache/Compressed.ddp.
[2019.08.11-11.48.02:631][  0]LogDerivedDataCache: FDerivedDataBackendGraph:  EnterprisePak pak cache file ../../../Enterprise/DerivedDataCache/Compressed.ddp not found, will not use a pak cache.
[2019.08.11-11.48.02:631][  0]LogDerivedDataCache: Unable to find inner node EnterprisePak for hierarchical cache Hierarchy.
[2019.08.11-11.48.02:643][  0]LogDerivedDataCache: Using Local data cache path C:/Users/Usuario/AppData/Local/UnrealEngine/Common/DerivedDataCache: Writable
[2019.08.11-11.48.02:643][  0]LogDerivedDataCache: Shared data cache path not found in *engine.ini, will not use an Shared cache.
[2019.08.11-11.48.02:643][  0]LogDerivedDataCache: Unable to find inner node Shared for hierarchical cache Hierarchy.
[2019.08.11-11.48.02:663][  0]LogMaterial: Verifying Global Shaders for PCD3D_SM5
[2019.08.11-11.48.02:664][  0]LogSlate: Using FreeType 2.6.0
[2019.08.11-11.48.02:665][  0]LogSlate: SlateFontServices - WITH_FREETYPE: 1, WITH_HARFBUZZ: 1
[2019.08.11-11.48.02:765][  0]LogAssetRegistry: FAssetRegistry took 0.0337 seconds to start up
[2019.08.11-11.48.03:103][  0]LogInit: Selected Device Profile: [Windows]
[2019.08.11-11.48.03:165][  0]LogMeshReduction: Using QuadricMeshReduction for automatic static mesh reduction
[2019.08.11-11.48.03:165][  0]LogMeshReduction: Using SimplygonMeshReduction for automatic skeletal mesh reduction
[2019.08.11-11.48.03:165][  0]LogMeshReduction: Using ProxyLODMeshReduction for automatic mesh merging
[2019.08.11-11.48.03:165][  0]LogMeshReduction: No distributed automatic mesh merging module available
[2019.08.11-11.48.03:165][  0]LogMeshMerging: No distributed automatic mesh merging module available
[2019.08.11-11.48.03:269][  0]LogNetVersion: COD 1.0.0, NetCL: 5660361, EngineNetVer: 10, GameNetVer: 0 (Checksum: 1188837537)
[2019.08.11-11.48.03:754][  0]LogPackageLocalizationCache: Processed 10 localized package path(s) for 1 prioritized culture(s) in 0.118511 seconds
[2019.08.11-11.48.03:768][  0]LogUObjectArray: 42205 objects as part of root set at end of initial load.
[2019.08.11-11.48.03:768][  0]LogUObjectAllocator: 7325032 out of 0 bytes used by permanent object pool.
[2019.08.11-11.48.03:768][  0]LogUObjectArray: CloseDisregardForGC: 0/0 objects in disregard for GC pool
[2019.08.11-11.48.04:770][  0]LogTcpMessaging: Initializing TcpMessaging bridge
[2019.08.11-11.48.04:796][  0]LogUdpMessaging: Initializing bridge on interface 0.0.0.0:0 to multicast group 230.0.0.1:6666.
[2019.08.11-11.48.04:948][  0]SourceControl: Source control is disabled
[2019.08.11-11.48.04:948][  0]SourceControl: Source control is disabled
[2019.08.11-11.48.04:950][  0]SourceControl: Source control is disabled
[2019.08.11-11.48.04:951][  0]SourceControl: Source control is disabled
[2019.08.11-11.48.05:105][  0]LogAndroidPermission: UAndroidPermissionCallbackProxy::GetInstance
[2019.08.11-11.48.05:364][  0]LogOcInput: OculusInput pre-init called
[2019.08.11-11.48.06:236][  0]LogEngine: Initializing Engine...
[2019.08.11-11.48.06:236][  0]LogHMD: Failed to initialize OpenVR with code 110
[2019.08.11-11.48.06:237][  0]LogStats: UGameplayTagsManager::InitializeManager -  0.000 s
[2019.08.11-11.48.06:486][  0]LogInit: Initializing FReadOnlyCVARCache
[2019.08.11-11.48.06:497][  0]LogAIModule: Creating AISystem for world Untitled
[2019.08.11-11.48.06:574][  0]LogInit: XAudio2 using 'Altavoces (Razer Surround Audio Controller)' : 6 channels at 48 kHz using 16 bits per sample (channel mask 0x3f)
[2019.08.11-11.48.06:590][  0]LogInit: FAudioDevice initialized.
[2019.08.11-11.48.06:590][  0]LogNetVersion: Set ProjectVersion to 1.0.0.0. Version Checksum will be recalculated on next use.
[2019.08.11-11.48.06:759][  0]LogDerivedDataCache: Saved boot cache 0.17s 71MB C:/Users/Usuario/AppData/Local/UnrealEngine/4.22/DerivedDataCache/Boot.ddc.
[2019.08.11-11.48.06:769][  0]LogInit: Texture streaming: Enabled
[2019.08.11-11.48.06:786][  0]LogEngineSessionManager: EngineSessionManager initialized
[2019.08.11-11.48.06:811][  0]LogInit: Transaction tracking system initialized
[2019.08.11-11.48.06:836][  0]BlueprintLog: New page: Editor Load
[2019.08.11-11.48.06:983][  0]LocalizationService: Localization service is disabled
[2019.08.11-11.48.07:406][  0]LogFileCache: Scanning file cache for directory 'E:/Luis/UnrealProjects/COD/COD/Content/' took 0.01s
[2019.08.11-11.48.07:406][  0]LogCook: Display: Max memory allowance for cook 16384mb min free memory 0mb
[2019.08.11-11.48.07:406][  0]LogCook: Display: Mobile HDR setting 1
[2019.08.11-11.48.07:628][  0]SourceControl: Source control is disabled
[2019.08.11-11.48.07:628][  0]Cmd: MAP LOAD FILE="../../../../../../Luis/UnrealProjects/COD/COD/Content/FirstPersonBP/Maps/FirstPersonExampleMap.umap" TEMPLATE=0 SHOWPROGRESS=1 FEATURELEVEL=3
[2019.08.11-11.48.07:629][  0]LightingResults: New page: Lighting Build
[2019.08.11-11.48.07:631][  0]MapCheck: New page: Map Check
[2019.08.11-11.48.07:632][  0]LightingResults: New page: Lighting Build
[2019.08.11-11.48.07:655][  0]LogUObjectHash: Compacting FUObjectHashTables data took   1.55ms
[2019.08.11-11.48.09:249][  0]LogTexture: Display: Building textures: HQ_Lightmap1_5 (AutoDXT, 64X64)
[2019.08.11-11.48.09:249][  0]LogTexture: Display: Building textures: HQ_Lightmap1_4 (AutoDXT, 2048X2048)
[2019.08.11-11.48.09:249][  0]LogTexture: Display: Building textures: LQ_Lightmap_1_1 (DXT1, 2048X2048)
[2019.08.11-11.48.09:249][  0]LogTexture: Display: Building textures: HQ_Lightmap1_1 (AutoDXT, 2048X2048)
[2019.08.11-11.48.09:249][  0]LogTexture: Display: Building textures: HQ_Lightmap1_2 (AutoDXT, 2048X2048)
[2019.08.11-11.48.09:249][  0]LogTexture: Display: Building textures: HQ_Lightmap1_3 (AutoDXT, 2048X2048)
[2019.08.11-11.48.09:249][  0]LogTexture: Display: Building textures: LQ_Lightmap_1_2 (DXT1, 2048X2048)
[2019.08.11-11.48.11:274][  0]LogTexture: Display: Building textures: LQ_Lightmap_1_3 (DXT1, 2048X2048)
[2019.08.11-11.48.11:274][  0]LogTexture: Display: Building textures: LQ_Lightmap_1_4 (DXT1, 2048X2048)
[2019.08.11-11.48.11:274][  0]LogTexture: Display: Building textures: LQ_Lightmap_1_5 (DXT1, 64X64)
[2019.08.11-11.48.11:274][  0]LogTexture: Display: Building textures: SkyOcclusion1_1 (AutoDXT, 2048X1024)
[2019.08.11-11.48.11:274][  0]LogTexture: Display: Building textures: SkyOcclusion1_2 (AutoDXT, 2048X1024)
[2019.08.11-11.48.11:274][  0]LogTexture: Display: Building textures: SkyOcclusion1_3 (AutoDXT, 2048X1024)
[2019.08.11-11.48.11:274][  0]LogTexture: Display: Building textures: SkyOcclusion1_4 (AutoDXT, 2048X1024)
[2019.08.11-11.48.11:274][  0]LogTexture: Display: Building textures: SkyOcclusion1_5 (AutoDXT, 64X32)
[2019.08.11-11.48.11:274][  0]LogTexture: Display: Building textures: ShadowMapTexture2D_10 (G8, 1024X1024)
[2019.08.11-11.48.11:274][  0]LogTexture: Display: Building textures: ShadowMapTexture2D_11 (G8, 1024X1024)
[2019.08.11-11.48.11:274][  0]LogTexture: Display: Building textures: ShadowMapTexture2D_12 (G8, 1024X1024)
[2019.08.11-11.48.11:274][  0]LogTexture: Display: Building textures: ShadowMapTexture2D_13 (G8, 1024X1024)
[2019.08.11-11.48.11:274][  0]LogTexture: Display: Building textures: ShadowMapTexture2D_14 (G8, 1024X1024)
[2019.08.11-11.48.11:274][  0]LogTexture: Display: Building textures: ShadowMapTexture2D_15 (G8, 32X32)
[2019.08.11-11.48.11:274][  0]LogTexture: Display: Building textures: ShadowMapTexture2D_8 (G8, 1024X1024)
[2019.08.11-11.48.11:274][  0]LogTexture: Display: Building textures: ShadowMapTexture2D_9 (G8, 1024X1024)
[2019.08.11-11.48.11:274][  0]LogAIModule: Creating AISystem for world FirstPersonExampleMap
[2019.08.11-11.48.11:660][  0]LogEditorServer: Finished looking for orphan Actors (0.000 secs)
[2019.08.11-11.48.11:707][  0]LogUObjectHash: Compacting FUObjectHashTables data took   2.23ms
[2019.08.11-11.48.11:708][  0]Cmd: MAP CHECKDEP NOCLEARLOG
[2019.08.11-11.48.11:708][  0]MapCheck: Map check complete: 0 Error(s), 0 Warning(s), took 0.106ms to complete.
[2019.08.11-11.48.11:708][  0]LogFileHelpers: Loading map 'FirstPersonExampleMap' took 4.080
[2019.08.11-11.48.12:369][  0]LogSlate: Updating window title bar state: overlay mode, drag disabled, window buttons hidden, title bar hidden
[2019.08.11-11.48.12:390][  0]LogSlate: Updating window title bar state: overlay mode, drag disabled, window buttons hidden, title bar hidden
[2019.08.11-11.48.12:397][  0]LogSlate: Updating window title bar state: overlay mode, drag disabled, window buttons hidden, title bar hidden
[2019.08.11-11.48.12:405][  0]LogSlate: Updating window title bar state: overlay mode, drag disabled, window buttons hidden, title bar hidden
[2019.08.11-11.48.12:425][  0]LogCollectionManager: Loaded 0 collections in 0.001728 seconds
[2019.08.11-11.48.12:609][  0]LogFileCache: Scanning file cache for directory 'E:/Luis/UnrealProjects/COD/COD/Saved/Collections/' took 0.01s
[2019.08.11-11.48.12:610][  0]LogFileCache: Scanning file cache for directory 'E:/Luis/UnrealProjects/COD/COD/Content/Developers/Usuario/Collections/' took 0.01s
[2019.08.11-11.48.12:610][  0]LogFileCache: Scanning file cache for directory 'E:/Luis/UnrealProjects/COD/COD/Content/Collections/' took 0.01s
[2019.08.11-11.48.12:610][  0]LogCollectionManager: Rebuilt the GUID cache for 0 collections in 0.000001 seconds
[2019.08.11-11.48.12:647][  0]LogContentBrowser: Native class hierarchy populated in 0.0367 seconds. Added 2732 classes and 659 folders.
[2019.08.11-11.48.12:687][  0]LogContentBrowser: Native class hierarchy updated for 'WidgetCarousel' in 0.0008 seconds. Added 0 classes and 0 folders.
[2019.08.11-11.48.12:694][  0]LogPakFile: Registered encryption key '00000000000000000000000000000000': 0 pak files mounted, 0 remain pending
[2019.08.11-11.48.12:696][  0]LogPakFile: Registered encryption key '00000000000000000000000000000000': 0 pak files mounted, 0 remain pending
[2019.08.11-11.48.12:699][  0]LogPakFile: Registered encryption key '00000000000000000000000000000000': 0 pak files mounted, 0 remain pending
[2019.08.11-11.48.12:701][  0]LogPakFile: Registered encryption key '00000000000000000000000000000000': 0 pak files mounted, 0 remain pending
[2019.08.11-11.48.12:704][  0]LogPakFile: Registered encryption key '00000000000000000000000000000000': 0 pak files mounted, 0 remain pending
[2019.08.11-11.48.12:706][  0]LogPakFile: Registered encryption key '00000000000000000000000000000000': 0 pak files mounted, 0 remain pending
[2019.08.11-11.48.12:709][  0]LogPakFile: Registered encryption key '00000000000000000000000000000000': 0 pak files mounted, 0 remain pending
[2019.08.11-11.48.12:711][  0]LogPakFile: Registered encryption key '00000000000000000000000000000000': 0 pak files mounted, 0 remain pending
[2019.08.11-11.48.12:714][  0]LogPakFile: Registered encryption key '00000000000000000000000000000000': 0 pak files mounted, 0 remain pending
[2019.08.11-11.48.12:716][  0]LogPakFile: Registered encryption key '00000000000000000000000000000000': 0 pak files mounted, 0 remain pending
[2019.08.11-11.48.12:717][  0]LogPakFile: Registered encryption key '00000000000000000000000000000000': 0 pak files mounted, 0 remain pending
[2019.08.11-11.48.12:718][  0]LogPakFile: Registered encryption key '00000000000000000000000000000000': 0 pak files mounted, 0 remain pending
[2019.08.11-11.48.12:720][  0]LogPakFile: Registered encryption key '00000000000000000000000000000000': 0 pak files mounted, 0 remain pending
[2019.08.11-11.48.12:721][  0]LogPakFile: Registered encryption key '00000000000000000000000000000000': 0 pak files mounted, 0 remain pending
[2019.08.11-11.48.12:722][  0]LogPakFile: Registered encryption key '00000000000000000000000000000000': 0 pak files mounted, 0 remain pending
[2019.08.11-11.48.12:724][  0]LogPakFile: Registered encryption key '00000000000000000000000000000000': 0 pak files mounted, 0 remain pending
[2019.08.11-11.48.12:725][  0]LogPakFile: Registered encryption key '00000000000000000000000000000000': 0 pak files mounted, 0 remain pending
[2019.08.11-11.48.12:727][  0]LogPakFile: Registered encryption key '00000000000000000000000000000000': 0 pak files mounted, 0 remain pending
[2019.08.11-11.48.12:728][  0]LogPakFile: Registered encryption key '00000000000000000000000000000000': 0 pak files mounted, 0 remain pending
[2019.08.11-11.48.12:729][  0]LogPakFile: Registered encryption key '00000000000000000000000000000000': 0 pak files mounted, 0 remain pending
[2019.08.11-11.48.12:730][  0]LogPakFile: Registered encryption key '00000000000000000000000000000000': 0 pak files mounted, 0 remain pending
[2019.08.11-11.48.12:732][  0]LogPakFile: Registered encryption key '00000000000000000000000000000000': 0 pak files mounted, 0 remain pending
[2019.08.11-11.48.12:733][  0]LogPakFile: Registered encryption key '00000000000000000000000000000000': 0 pak files mounted, 0 remain pending
[2019.08.11-11.48.12:735][  0]LogPakFile: Registered encryption key '00000000000000000000000000000000': 0 pak files mounted, 0 remain pending
[2019.08.11-11.48.12:736][  0]LogPakFile: Registered encryption key '00000000000000000000000000000000': 0 pak files mounted, 0 remain pending
[2019.08.11-11.48.12:737][  0]LogPakFile: Registered encryption key '00000000000000000000000000000000': 0 pak files mounted, 0 remain pending
[2019.08.11-11.48.12:798][  0]LogContentBrowser: Native class hierarchy updated for 'AddContentDialog' in 0.0004 seconds. Added 0 classes and 0 folders.
[2019.08.11-11.48.12:880][  0]LogContentBrowser: Native class hierarchy updated for 'SceneOutliner' in 0.0011 seconds. Added 1 classes and 2 folders.
[2019.08.11-11.48.14:035][  0]LogSlate: Took 0.001038 seconds to synchronously load lazily loaded font '../../../Engine/Content/Slate/Fonts/Roboto-Regular.ttf' (155K)
[2019.08.11-11.48.14:048][  0]LogSlate: Took 0.000580 seconds to synchronously load lazily loaded font '../../../Engine/Content/Slate/Fonts/Roboto-Bold.ttf' (160K)
[2019.08.11-11.48.14:169][  0]LogSlate: Took 0.027247 seconds to synchronously load lazily loaded font '../../../Engine/Content/Editor/Slate/Fonts/FontAwesome.ttf' (139K)
[2019.08.11-11.48.14:754][  0]LogRenderer: Reallocating scene render targets to support 872x344 Format 10 NumSamples 1 (Frame:1).
[2019.08.11-11.48.15:255][  0]LogContentBrowser: Native class hierarchy updated for 'HierarchicalLODOutliner' in 0.0003 seconds. Added 0 classes and 0 folders.
[2019.08.11-11.48.15:255][  0]LogLoad: (Engine Initialization) Total time: 17.83 seconds
[2019.08.11-11.48.15:255][  0]LogLoad: (Engine Initialization) Total Blueprint compile time: 0.00 seconds
[2019.08.11-11.48.15:333][  0]LogContentStreaming: Texture pool size now 1000 MB
[2019.08.11-11.48.15:346][  0]LogSlate: Took 0.000333 seconds to synchronously load lazily loaded font '../../../Engine/Content/Slate/Fonts/Roboto-Light.ttf' (167K)
[2019.08.11-11.48.31:168][630]LogAssetRegistry: Asset discovery search completed in 28.4249 seconds
[2019.08.11-11.48.31:170][630]LogCollectionManager: Rebuilt the object cache for 0 collections in 0.000000 seconds (found 0 objects)
[2019.08.11-11.48.31:170][630]LogCollectionManager: Fixed up redirectors for 0 collections in 0.000044 seconds (updated 0 objects)
[2019.08.11-11.48.34:305][640]LogSlate: FSceneViewport::OnFocusLost() reason 0
[2019.08.11-11.48.34:512][640]LogTemp: Repeating last play command: Selected Viewport
[2019.08.11-11.48.34:533][640]LogBlueprintUserMessages: Early PlayInEditor Detection: Level '/Game/FirstPersonBP/Maps/FirstPersonExampleMap.FirstPersonExampleMap:PersistentLevel' has LevelScriptBlueprint '/Game/FirstPersonBP/Maps/FirstPersonExampleMap.FirstPersonExampleMap:PersistentLevel.FirstPersonExampleMap' with GeneratedClass '/Game/FirstPersonBP/Maps/FirstPersonExampleMap.FirstPersonExampleMap_C' with ClassGeneratedBy '/Game/FirstPersonBP/Maps/FirstPersonExampleMap.FirstPersonExampleMap:PersistentLevel.FirstPersonExampleMap'
[2019.08.11-11.48.34:533][640]LogPlayLevel: PlayLevel: No blueprints needed recompiling
[2019.08.11-11.48.34:542][640]PIE: New page: PIE session: FirstPersonExampleMap (Aug 11, 2019, 3:48:34 PM)
[2019.08.11-11.48.34:562][640]LogPlayLevel: Creating play world package: /Game/FirstPersonBP/Maps/UEDPIE_0_FirstPersonExampleMap
[2019.08.11-11.48.34:602][640]LogPlayLevel: PIE: StaticDuplicateObject took: (0.038954s)
[2019.08.11-11.48.34:603][640]LogAIModule: Creating AISystem for world FirstPersonExampleMap
[2019.08.11-11.48.34:603][640]LogPlayLevel: PIE: World Init took: (0.001345s)
[2019.08.11-11.48.34:603][640]LogPlayLevel: PIE: Created PIE world by copying editor world from /Game/FirstPersonBP/Maps/FirstPersonExampleMap.FirstPersonExampleMap to /Game/FirstPersonBP/Maps/UEDPIE_0_FirstPersonExampleMap.FirstPersonExampleMap (0.041073s)
[2019.08.11-11.48.34:639][640]LogUObjectHash: Compacting FUObjectHashTables data took   1.17ms
[2019.08.11-11.48.34:721][640]LogInit: XAudio2 using 'Altavoces (Razer Surround Audio Controller)' : 6 channels at 48 kHz using 16 bits per sample (channel mask 0x3f)
[2019.08.11-11.48.34:730][640]LogInit: FAudioDevice initialized.
[2019.08.11-11.48.34:793][640]LogLoad: Game class is 'FirstPersonGameMode_C'
[2019.08.11-11.48.34:829][640]LogWorld: Bringing World /Game/FirstPersonBP/Maps/UEDPIE_0_FirstPersonExampleMap.FirstPersonExampleMap up for play (max tick rate 0) at 2019.08.11-13.48.34
[2019.08.11-11.48.34:846][640]LogWorld: Bringing up level for play took: 0.025839
[2019.08.11-11.48.35:022][640]LogContentBrowser: Native class hierarchy updated for 'MovieSceneCapture' in 0.0016 seconds. Added 20 classes and 0 folders.
[2019.08.11-11.48.35:024][640]PIE: Play in editor start time for /Game/FirstPersonBP/Maps/UEDPIE_0_FirstPersonExampleMap 0.067
[2019.08.11-11.48.35:024][640]LogBlueprintUserMessages: Late PlayInEditor Detection: Level '/Game/FirstPersonBP/Maps/FirstPersonExampleMap.FirstPersonExampleMap:PersistentLevel' has LevelScriptBlueprint '/Game/FirstPersonBP/Maps/FirstPersonExampleMap.FirstPersonExampleMap:PersistentLevel.FirstPersonExampleMap' with GeneratedClass '/Game/FirstPersonBP/Maps/FirstPersonExampleMap.FirstPersonExampleMap_C' with ClassGeneratedBy '/Game/FirstPersonBP/Maps/FirstPersonExampleMap.FirstPersonExampleMap:PersistentLevel.FirstPersonExampleMap'
[2019.08.11-11.49.02:316][879]LogBlueprintUserMessages: Early EndPlayMap Detection: Level '/Game/FirstPersonBP/Maps/FirstPersonExampleMap.FirstPersonExampleMap:PersistentLevel' has LevelScriptBlueprint '/Game/FirstPersonBP/Maps/FirstPersonExampleMap.FirstPersonExampleMap:PersistentLevel.FirstPersonExampleMap' with GeneratedClass '/Game/FirstPersonBP/Maps/FirstPersonExampleMap.FirstPersonExampleMap_C' with ClassGeneratedBy '/Game/FirstPersonBP/Maps/FirstPersonExampleMap.FirstPersonExampleMap:PersistentLevel.FirstPersonExampleMap'
[2019.08.11-11.49.02:317][879]LogSlate: Updating window title bar state: overlay mode, drag disabled, window buttons hidden, title bar hidden
[2019.08.11-11.49.02:346][879]LogPlayLevel: Display: Shutting down PIE online subsystems
[2019.08.11-11.49.02:346][879]LogBlueprintUserMessages: Late EndPlayMap Detection: Level '/Game/FirstPersonBP/Maps/FirstPersonExampleMap.FirstPersonExampleMap:PersistentLevel' has LevelScriptBlueprint '/Game/FirstPersonBP/Maps/FirstPersonExampleMap.FirstPersonExampleMap:PersistentLevel.FirstPersonExampleMap' with GeneratedClass '/Game/FirstPersonBP/Maps/FirstPersonExampleMap.FirstPersonExampleMap_C' with ClassGeneratedBy '/Game/FirstPersonBP/Maps/FirstPersonExampleMap.FirstPersonExampleMap:PersistentLevel.FirstPersonExampleMap'
[2019.08.11-11.49.02:371][879]LogSlate: Updating window title bar state: overlay mode, drag disabled, window buttons hidden, title bar hidden
[2019.08.11-11.49.02:374][879]LogUObjectHash: Compacting FUObjectHashTables data took   1.60ms
[2019.08.11-11.49.02:423][882]LogPlayLevel: Display: Destroying online subsystem :Context_1
[2019.08.11-11.49.08:631][600]LogSlate: FSceneViewport::OnFocusLost() reason 2
[2019.08.11-11.49.11:885][962]LogSlate: FSceneViewport::OnFocusLost() reason 2
[2019.08.11-11.49.13:681][173]LogSlate: FSceneViewport::OnFocusLost() reason 2
[2019.08.11-11.49.16:878][173]LogSlate: Only BGRA pngs, bmps or icos are supported in by External Image Picker
[2019.08.11-11.49.37:084][509]Cmd: TRANSACTION UNDO
[2019.08.11-11.49.37:084][509]LogEditorTransaction: Undo Change Key Value
[2019.08.11-11.49.37:120][509]LogSlate: Took 0.000264 seconds to synchronously load lazily loaded font '../../../Engine/Content/Slate/Fonts/Roboto-Light.ttf' (167K)
[2019.08.11-11.54.39:028][919]LogSlate: Window 'Project Settings' being destroyed
[2019.08.11-11.54.39:034][919]LogSlate: Window 'Project Settings' being destroyed
[2019.08.11-11.54.40:124][ 34]LogSlate: FSceneViewport::OnFocusLost() reason 0
[2019.08.11-11.54.56:054][324]LogSlate: FSceneViewport::OnFocusLost() reason 0
[2019.08.11-11.54.56:193][332]LogUObjectHash: Compacting FUObjectHashTables data took   0.73ms
[2019.08.11-11.54.56:605][332]LogSavePackage: Moving '../../../../../../Luis/UnrealProjects/COD/COD/Saved/FirstPersonExampleMap4D06642D42D2085B320367999C6A5F17.tmp' to '../../../../../../Luis/UnrealProjects/COD/COD/Content/FirstPersonBP/Maps/FirstPersonExampleMap.umap'
[2019.08.11-11.54.57:948][332]LogSavePackage: Moving '../../../../../../Luis/UnrealProjects/COD/COD/Saved/FirstPersonExampleMap_BuiltDataF3DD4EA84862DDF31B7A508980AFBE6D.tmp' to '../../../../../../Luis/UnrealProjects/COD/COD/Content/FirstPersonBP/Maps/FirstPersonExampleMap_BuiltData.uasset'
